<?xml version="1.0" encoding="UTF-8"?>
<!-- Generated by org.testng.reporters.JUnitXMLReporter -->
<testsuite hostname="DESKTOP-EGETJ03" name="Default test" tests="3" failures="0" timestamp="10 Dec 2018 02:50:14 GMT" time="45.998" errors="0">
  <testcase name="Find_product" time="14.888" classname="DriverScript.EBayAutomationTest"/>
  <testcase name="Find_EstimatedDate" time="3.611" classname="DriverScript.EBayAutomationTest"/>
  <testcase name="AddProductToCart" time="13.758" classname="DriverScript.EBayAutomationTest"/>
</testsuite> <!-- Default test -->
