<?xml version="1.0" encoding="UTF-8"?>
<testng-results skipped="0" failed="0" total="3" passed="3">
  <reporter-output>
  </reporter-output>
  <suite name="Default suite" duration-ms="45998" started-at="2018-12-10T02:49:28Z" finished-at="2018-12-10T02:50:14Z">
    <groups>
    </groups>
    <test name="Default test" duration-ms="45998" started-at="2018-12-10T02:49:28Z" finished-at="2018-12-10T02:50:14Z">
      <class name="DriverScript.EBayAutomationTest">
        <test-method status="PASS" signature="SetDesireCapibilities()[pri:0, instance:DriverScript.EBayAutomationTest@d56d67]" name="SetDesireCapibilities" is-config="true" duration-ms="12054" started-at="2018-12-10T08:19:28Z" finished-at="2018-12-10T08:19:40Z">
          <reporter-output>
          </reporter-output>
        </test-method> <!-- SetDesireCapibilities -->
        <test-method status="PASS" signature="Find_product()[pri:1, instance:DriverScript.EBayAutomationTest@d56d67]" name="Find_product" duration-ms="14888" started-at="2018-12-10T08:19:40Z" finished-at="2018-12-10T08:19:55Z">
          <reporter-output>
          </reporter-output>
        </test-method> <!-- Find_product -->
        <test-method status="PASS" signature="Find_EstimatedDate()[pri:2, instance:DriverScript.EBayAutomationTest@d56d67]" name="Find_EstimatedDate" duration-ms="3611" started-at="2018-12-10T08:19:55Z" finished-at="2018-12-10T08:19:59Z">
          <reporter-output>
          </reporter-output>
        </test-method> <!-- Find_EstimatedDate -->
        <test-method status="PASS" signature="AddProductToCart()[pri:3, instance:DriverScript.EBayAutomationTest@d56d67]" name="AddProductToCart" duration-ms="13758" started-at="2018-12-10T08:19:59Z" finished-at="2018-12-10T08:20:12Z">
          <reporter-output>
          </reporter-output>
        </test-method> <!-- AddProductToCart -->
        <test-method status="PASS" signature="CloseDriver()[pri:0, instance:DriverScript.EBayAutomationTest@d56d67]" name="CloseDriver" is-config="true" duration-ms="1647" started-at="2018-12-10T08:20:12Z" finished-at="2018-12-10T08:20:14Z">
          <reporter-output>
          </reporter-output>
        </test-method> <!-- CloseDriver -->
      </class> <!-- DriverScript.EBayAutomationTest -->
    </test> <!-- Default test -->
  </suite> <!-- Default suite -->
</testng-results>
